<?xml version="1.0" encoding="utf-8"?><testsuites name="pytest tests"><testsuite name="pytest" errors="0" failures="0" skipped="0" tests="29" time="6.447" timestamp="2026-05-28T09:58:19.046908+00:00" hostname="agent-env-3234ff3a-e48b-4c4a-b37f-4fe1dffefed9"><testcase classname="backend.tests.test_admin_phase2.TestAuthBasics" name="test_admin_login" time="0.498" /><testcase classname="backend.tests.test_admin_phase2.TestAuthBasics" name="test_invalid_login" time="0.348" /><testcase classname="backend.tests.test_admin_phase2.TestAuthBasics" name="test_me_admin" time="0.153" /><testcase classname="backend.tests.test_admin_phase2.TestEmployeeManagement" name="test_list_users_admin" time="0.140" /><testcase classname="backend.tests.test_admin_phase2.TestEmployeeManagement" name="test_list_users_forbidden_employee" time="0.462" /><testcase classname="backend.tests.test_admin_phase2.TestEmployeeManagement" name="test_create_user_and_verify" time="0.416" /><testcase classname="backend.tests.test_admin_phase2.TestEmployeeManagement" name="test_create_user_duplicate_username" time="0.096" /><testcase classname="backend.tests.test_admin_phase2.TestEmployeeManagement" name="test_create_user_forbidden_employee" time="0.108" /><testcase classname="backend.tests.test_admin_phase2.TestEmployeeManagement" name="test_update_created_user" time="0.338" /><testcase classname="backend.tests.test_admin_phase2.TestEmployeeManagement" name="test_update_user_not_found" time="0.322" /><testcase classname="backend.tests.test_admin_phase2.TestEmployeeManagement" name="test_delete_self_forbidden" time="0.192" /><testcase classname="backend.tests.test_admin_phase2.TestEmployeeManagement" name="test_delete_user_not_found" time="0.109" /><testcase classname="backend.tests.test_admin_phase2.TestEmployeeManagement" name="test_delete_created_user" time="0.225" /><testcase classname="backend.tests.test_admin_phase2.TestApprovalsWorkflow" name="test_employee_creates_vacation_request" time="0.095" /><testcase classname="backend.tests.test_admin_phase2.TestApprovalsWorkflow" name="test_employee_creates_permit_request" time="0.126" /><testcase classname="backend.tests.test_admin_phase2.TestApprovalsWorkflow" name="test_work_entry_auto_approved" time="0.093" /><testcase classname="backend.tests.test_admin_phase2.TestApprovalsWorkflow" name="test_list_pending_approvals_includes_new" time="0.097" /><testcase classname="backend.tests.test_admin_phase2.TestApprovalsWorkflow" name="test_approvals_forbidden_employee" time="0.105" /><testcase classname="backend.tests.test_admin_phase2.TestApprovalsWorkflow" name="test_approve_vacation" time="0.191" /><testcase classname="backend.tests.test_admin_phase2.TestApprovalsWorkflow" name="test_reject_permit" time="0.239" /><testcase classname="backend.tests.test_admin_phase2.TestApprovalsWorkflow" name="test_approve_non_existent_entry" time="0.100" /><testcase classname="backend.tests.test_admin_phase2.TestApprovalsWorkflow" name="test_invalid_approval_status" time="0.302" /><testcase classname="backend.tests.test_admin_phase2.TestApprovalsWorkflow" name="test_approval_forbidden_employee" time="0.293" /><testcase classname="backend.tests.test_admin_phase2.TestApprovalsWorkflow" name="test_cleanup_test_entries" time="0.324" /><testcase classname="backend.tests.test_admin_phase2.TestDashboardData" name="test_users_count_endpoint" time="0.098" /><testcase classname="backend.tests.test_admin_phase2.TestDashboardData" name="test_month_hours_filter" time="0.331" /><testcase classname="backend.tests.test_admin_phase2.TestDashboardData" name="test_filter_by_user_id_admin_only" time="0.216" /><testcase classname="backend.tests.test_admin_phase2.TestDashboardData" name="test_employee_cannot_filter_other_user" time="0.197" /><testcase classname="backend.tests.test_admin_phase2.TestDashboardData" name="test_locations_valid" time="0.098" /></testsuite></testsuites>