<?xml version="1.0" encoding="utf-8"?><testsuites name="pytest tests"><testsuite name="pytest" errors="0" failures="0" skipped="0" tests="15" time="6.119" timestamp="2026-05-28T10:13:27.881577+00:00" hostname="agent-env-3234ff3a-e48b-4c4a-b37f-4fe1dffefed9"><testcase classname="backend.tests.test_phase3_approvals_filter.TestApprovalsStatusFilter" name="test_default_returns_only_pending" time="1.473" /><testcase classname="backend.tests.test_phase3_approvals_filter.TestApprovalsStatusFilter" name="test_status_filter_pending" time="0.091" /><testcase classname="backend.tests.test_phase3_approvals_filter.TestApprovalsStatusFilter" name="test_status_filter_approved" time="0.107" /><testcase classname="backend.tests.test_phase3_approvals_filter.TestApprovalsStatusFilter" name="test_status_filter_rejected" time="0.158" /><testcase classname="backend.tests.test_phase3_approvals_filter.TestApprovalsStatusFilter" name="test_status_filter_invalid_defaults_to_pending" time="0.113" /><testcase classname="backend.tests.test_phase3_approvals_filter.TestApprovalsStatusFilter" name="test_approvals_excludes_non_vacation_permit_types" time="0.700" /><testcase classname="backend.tests.test_phase3_approvals_filter.TestApprovalsStatusFilter" name="test_approvals_forbidden_employee_with_filter" time="0.739" /><testcase classname="backend.tests.test_phase3_approvals_filter.TestRegression" name="test_admin_login_ok" time="0.000" /><testcase classname="backend.tests.test_phase3_approvals_filter.TestRegression" name="test_invalid_login" time="0.316" /><testcase classname="backend.tests.test_phase3_approvals_filter.TestRegression" name="test_me_admin" time="0.094" /><testcase classname="backend.tests.test_phase3_approvals_filter.TestRegression" name="test_list_users" time="0.098" /><testcase classname="backend.tests.test_phase3_approvals_filter.TestRegression" name="test_users_crud_cycle" time="0.852" /><testcase classname="backend.tests.test_phase3_approvals_filter.TestRegression" name="test_time_entries_crud_cycle" time="0.411" /><testcase classname="backend.tests.test_phase3_approvals_filter.TestRegression" name="test_approve_reject_still_works" time="0.594" /><testcase classname="backend.tests.test_phase3_approvals_filter.TestRegression" name="test_month_filter_regression" time="0.285" /></testsuite></testsuites>